Copyright 1986-2022 Xilinx, Inc. All Rights Reserved. Copyright 2022-2024 Advanced Micro Devices, Inc. All Rights Reserved.
---------------------------------------------------------------------------------------------------------------------------------------------------------------------------------------------------------------------------------
| Tool Version : Vivado v.2024.1 (win64) Build 5076996 Wed May 22 18:37:14 MDT 2024
| Date         : Sat Aug  3 19:00:45 2024
| Host         : DESKTOP-9JRQ63P running 64-bit major release  (build 9200)
| Command      : report_timing_summary -max_paths 10 -report_unconstrained -file counter_2bit_timing_summary_routed.rpt -pb counter_2bit_timing_summary_routed.pb -rpx counter_2bit_timing_summary_routed.rpx -warn_on_violation
| Design       : counter_2bit
| Device       : 7a35t-cpg236
| Speed File   : -1  PRODUCTION 1.23 2018-06-13
| Design State : Routed
---------------------------------------------------------------------------------------------------------------------------------------------------------------------------------------------------------------------------------

Timing Summary Report

------------------------------------------------------------------------------------------------
| Timer Settings
| --------------
------------------------------------------------------------------------------------------------

  Enable Multi Corner Analysis               :  Yes
  Enable Pessimism Removal                   :  Yes
  Pessimism Removal Resolution               :  Nearest Common Node
  Enable Input Delay Default Clock           :  No
  Enable Preset / Clear Arcs                 :  No
  Disable Flight Delays                      :  No
  Ignore I/O Paths                           :  No
  Timing Early Launch at Borrowing Latches   :  No
  Borrow Time for Max Delay Exceptions       :  Yes
  Merge Timing Exceptions                    :  Yes
  Inter-SLR Compensation                     :  Conservative

  Corner  Analyze    Analyze    
  Name    Max Paths  Min Paths  
  ------  ---------  ---------  
  Slow    Yes        Yes        
  Fast    Yes        Yes        


------------------------------------------------------------------------------------------------
| Report Methodology
| ------------------
------------------------------------------------------------------------------------------------

Rule       Severity          Description                  Violations  
---------  ----------------  ---------------------------  ----------  
TIMING-17  Critical Warning  Non-clocked sequential cell  2           

Note: This report is based on the most recent report_methodology run and may not be up-to-date. Run report_methodology on the current design for the latest report.



check_timing report

Table of Contents
-----------------
1. checking no_clock (2)
2. checking constant_clock (0)
3. checking pulse_width_clock (0)
4. checking unconstrained_internal_endpoints (4)
5. checking no_input_delay (1)
6. checking no_output_delay (2)
7. checking multiple_clock (0)
8. checking generated_clocks (0)
9. checking loops (0)
10. checking partial_input_delay (0)
11. checking partial_output_delay (0)
12. checking latch_loops (0)

1. checking no_clock (2)
------------------------
 There are 2 register/latch pins with no clock driven by root clock pin: clk (HIGH)


2. checking constant_clock (0)
------------------------------
 There are 0 register/latch pins with constant_clock.


3. checking pulse_width_clock (0)
---------------------------------
 There are 0 register/latch pins which need pulse_width check


4. checking unconstrained_internal_endpoints (4)
------------------------------------------------
 There are 4 pins that are not constrained for maximum delay. (HIGH)

 There are 0 pins that are not constrained for maximum delay due to constant clock.


5. checking no_input_delay (1)
------------------------------
 There is 1 input port with no input delay specified. (HIGH)

 There are 0 input ports with no input delay but user has a false path constraint.


6. checking no_output_delay (2)
-------------------------------
 There are 2 ports with no output delay specified. (HIGH)

 There are 0 ports with no output delay but user has a false path constraint

 There are 0 ports with no output delay but with a timing clock defined on it or propagating through it


7. checking multiple_clock (0)
------------------------------
 There are 0 register/latch pins with multiple clocks.


8. checking generated_clocks (0)
--------------------------------
 There are 0 generated clocks that are not connected to a clock source.


9. checking loops (0)
---------------------
 There are 0 combinational loops in the design.


10. checking partial_input_delay (0)
------------------------------------
 There are 0 input ports with partial input delay specified.


11. checking partial_output_delay (0)
-------------------------------------
 There are 0 ports with partial output delay specified.


12. checking latch_loops (0)
----------------------------
 There are 0 combinational latch loops in the design through latch input



------------------------------------------------------------------------------------------------
| Design Timing Summary
| ---------------------
------------------------------------------------------------------------------------------------

    WNS(ns)      TNS(ns)  TNS Failing Endpoints  TNS Total Endpoints      WHS(ns)      THS(ns)  THS Failing Endpoints  THS Total Endpoints     WPWS(ns)     TPWS(ns)  TPWS Failing Endpoints  TPWS Total Endpoints  
    -------      -------  ---------------------  -------------------      -------      -------  ---------------------  -------------------     --------     --------  ----------------------  --------------------  
        inf        0.000                      0                    6          inf        0.000                      0                    6           NA           NA                      NA                    NA  


There are no user specified timing constraints.


------------------------------------------------------------------------------------------------
| Clock Summary
| -------------
------------------------------------------------------------------------------------------------


------------------------------------------------------------------------------------------------
| Intra Clock Table
| -----------------
------------------------------------------------------------------------------------------------

Clock             WNS(ns)      TNS(ns)  TNS Failing Endpoints  TNS Total Endpoints      WHS(ns)      THS(ns)  THS Failing Endpoints  THS Total Endpoints     WPWS(ns)     TPWS(ns)  TPWS Failing Endpoints  TPWS Total Endpoints  
-----             -------      -------  ---------------------  -------------------      -------      -------  ---------------------  -------------------     --------     --------  ----------------------  --------------------  


------------------------------------------------------------------------------------------------
| Inter Clock Table
| -----------------
------------------------------------------------------------------------------------------------

From Clock    To Clock          WNS(ns)      TNS(ns)  TNS Failing Endpoints  TNS Total Endpoints      WHS(ns)      THS(ns)  THS Failing Endpoints  THS Total Endpoints  
----------    --------          -------      -------  ---------------------  -------------------      -------      -------  ---------------------  -------------------  


------------------------------------------------------------------------------------------------
| Other Path Groups Table
| -----------------------
------------------------------------------------------------------------------------------------

Path Group    From Clock    To Clock          WNS(ns)      TNS(ns)  TNS Failing Endpoints  TNS Total Endpoints      WHS(ns)      THS(ns)  THS Failing Endpoints  THS Total Endpoints  
----------    ----------    --------          -------      -------  ---------------------  -------------------      -------      -------  ---------------------  -------------------  


------------------------------------------------------------------------------------------------
| User Ignored Path Table
| -----------------------
------------------------------------------------------------------------------------------------

Path Group    From Clock    To Clock    
----------    ----------    --------    


------------------------------------------------------------------------------------------------
| Unconstrained Path Table
| ------------------------
------------------------------------------------------------------------------------------------

Path Group    From Clock    To Clock    
----------    ----------    --------    
(none)                                    


------------------------------------------------------------------------------------------------
| Timing Details
| --------------
------------------------------------------------------------------------------------------------


--------------------------------------------------------------------------------------
Path Group:  (none)
From Clock:  
  To Clock:  

Max Delay             6 Endpoints
Min Delay             6 Endpoints
--------------------------------------------------------------------------------------


Max Delay Paths
--------------------------------------------------------------------------------------
Slack:                    inf
  Source:                 dout_reg[1]/C
                            (rising edge-triggered cell FDCE)
  Destination:            dout[1]
                            (output port)
  Path Group:             (none)
  Path Type:              Max at Slow Process Corner
  Data Path Delay:        4.873ns  (logic 3.188ns (65.418%)  route 1.685ns (34.582%))
  Logic Levels:           2  (FDCE=1 OBUF=1)

    Location             Delay type                Incr(ns)  Path(ns)    Netlist Resource(s)
  -------------------------------------------------------------------    -------------------
    SLICE_X0Y1           FDCE                         0.000     0.000 r  dout_reg[1]/C
    SLICE_X0Y1           FDCE (Prop_fdce_C_Q)         0.419     0.419 r  dout_reg[1]/Q
                         net (fo=2, routed)           1.685     2.104    dout_OBUF[1]
    V14                  OBUF (Prop_obuf_I_O)         2.769     4.873 r  dout_OBUF[1]_inst/O
                         net (fo=0)                   0.000     4.873    dout[1]
    V14                                                               r  dout[1] (OUT)
  -------------------------------------------------------------------    -------------------

Slack:                    inf
  Source:                 dout_reg[0]/C
                            (rising edge-triggered cell FDCE)
  Destination:            dout[0]
                            (output port)
  Path Group:             (none)
  Path Type:              Max at Slow Process Corner
  Data Path Delay:        4.740ns  (logic 3.055ns (64.452%)  route 1.685ns (35.548%))
  Logic Levels:           2  (FDCE=1 OBUF=1)

    Location             Delay type                Incr(ns)  Path(ns)    Netlist Resource(s)
  -------------------------------------------------------------------    -------------------
    SLICE_X0Y1           FDCE                         0.000     0.000 r  dout_reg[0]/C
    SLICE_X0Y1           FDCE (Prop_fdce_C_Q)         0.456     0.456 r  dout_reg[0]/Q
                         net (fo=3, routed)           1.685     2.141    dout_OBUF[0]
    U14                  OBUF (Prop_obuf_I_O)         2.599     4.740 r  dout_OBUF[0]_inst/O
                         net (fo=0)                   0.000     4.740    dout[0]
    U14                                                               r  dout[0] (OUT)
  -------------------------------------------------------------------    -------------------

Slack:                    inf
  Source:                 reset
                            (input port)
  Destination:            dout_reg[0]/CLR
  Path Group:             (none)
  Path Type:              Max at Slow Process Corner
  Data Path Delay:        1.975ns  (logic 0.934ns (47.300%)  route 1.041ns (52.700%))
  Logic Levels:           1  (IBUF=1)

    Location             Delay type                Incr(ns)  Path(ns)    Netlist Resource(s)
  -------------------------------------------------------------------    -------------------
    V13                                               0.000     0.000 f  reset (IN)
                         net (fo=0)                   0.000     0.000    reset
    V13                  IBUF (Prop_ibuf_I_O)         0.934     0.934 f  reset_IBUF_inst/O
                         net (fo=2, routed)           1.041     1.975    reset_IBUF
    SLICE_X0Y1           FDCE                                         f  dout_reg[0]/CLR
  -------------------------------------------------------------------    -------------------

Slack:                    inf
  Source:                 reset
                            (input port)
  Destination:            dout_reg[1]/CLR
  Path Group:             (none)
  Path Type:              Max at Slow Process Corner
  Data Path Delay:        1.975ns  (logic 0.934ns (47.300%)  route 1.041ns (52.700%))
  Logic Levels:           1  (IBUF=1)

    Location             Delay type                Incr(ns)  Path(ns)    Netlist Resource(s)
  -------------------------------------------------------------------    -------------------
    V13                                               0.000     0.000 f  reset (IN)
                         net (fo=0)                   0.000     0.000    reset
    V13                  IBUF (Prop_ibuf_I_O)         0.934     0.934 f  reset_IBUF_inst/O
                         net (fo=2, routed)           1.041     1.975    reset_IBUF
    SLICE_X0Y1           FDCE                                         f  dout_reg[1]/CLR
  -------------------------------------------------------------------    -------------------

Slack:                    inf
  Source:                 dout_reg[1]/C
                            (rising edge-triggered cell FDCE)
  Destination:            dout_reg[1]/D
  Path Group:             (none)
  Path Type:              Max at Slow Process Corner
  Data Path Delay:        1.610ns  (logic 0.746ns (46.322%)  route 0.864ns (53.678%))
  Logic Levels:           2  (FDCE=1 LUT2=1)

    Location             Delay type                Incr(ns)  Path(ns)    Netlist Resource(s)
  -------------------------------------------------------------------    -------------------
    SLICE_X0Y1           FDCE                         0.000     0.000 r  dout_reg[1]/C
    SLICE_X0Y1           FDCE (Prop_fdce_C_Q)         0.419     0.419 r  dout_reg[1]/Q
                         net (fo=2, routed)           0.864     1.283    dout_OBUF[1]
    SLICE_X0Y1           LUT2 (Prop_lut2_I1_O)        0.327     1.610 r  dout[1]_i_1/O
                         net (fo=1, routed)           0.000     1.610    p_0_in[1]
    SLICE_X0Y1           FDCE                                         r  dout_reg[1]/D
  -------------------------------------------------------------------    -------------------

Slack:                    inf
  Source:                 dout_reg[0]/C
                            (rising edge-triggered cell FDCE)
  Destination:            dout_reg[0]/D
  Path Group:             (none)
  Path Type:              Max at Slow Process Corner
  Data Path Delay:        1.102ns  (logic 0.580ns (52.644%)  route 0.522ns (47.356%))
  Logic Levels:           2  (FDCE=1 LUT1=1)

    Location             Delay type                Incr(ns)  Path(ns)    Netlist Resource(s)
  -------------------------------------------------------------------    -------------------
    SLICE_X0Y1           FDCE                         0.000     0.000 r  dout_reg[0]/C
    SLICE_X0Y1           FDCE (Prop_fdce_C_Q)         0.456     0.456 f  dout_reg[0]/Q
                         net (fo=3, routed)           0.522     0.978    dout_OBUF[0]
    SLICE_X0Y1           LUT1 (Prop_lut1_I0_O)        0.124     1.102 r  dout[0]_i_1/O
                         net (fo=1, routed)           0.000     1.102    p_0_in[0]
    SLICE_X0Y1           FDCE                                         r  dout_reg[0]/D
  -------------------------------------------------------------------    -------------------





Min Delay Paths
--------------------------------------------------------------------------------------
Slack:                    inf
  Source:                 dout_reg[0]/C
                            (rising edge-triggered cell FDCE)
  Destination:            dout_reg[1]/D
  Path Group:             (none)
  Path Type:              Min at Fast Process Corner
  Data Path Delay:        0.368ns  (logic 0.183ns (49.764%)  route 0.185ns (50.236%))
  Logic Levels:           2  (FDCE=1 LUT2=1)

    Location             Delay type                Incr(ns)  Path(ns)    Netlist Resource(s)
  -------------------------------------------------------------------    -------------------
    SLICE_X0Y1           FDCE                         0.000     0.000 r  dout_reg[0]/C
    SLICE_X0Y1           FDCE (Prop_fdce_C_Q)         0.141     0.141 r  dout_reg[0]/Q
                         net (fo=3, routed)           0.185     0.326    dout_OBUF[0]
    SLICE_X0Y1           LUT2 (Prop_lut2_I0_O)        0.042     0.368 r  dout[1]_i_1/O
                         net (fo=1, routed)           0.000     0.368    p_0_in[1]
    SLICE_X0Y1           FDCE                                         r  dout_reg[1]/D
  -------------------------------------------------------------------    -------------------

Slack:                    inf
  Source:                 dout_reg[0]/C
                            (rising edge-triggered cell FDCE)
  Destination:            dout_reg[0]/D
  Path Group:             (none)
  Path Type:              Min at Fast Process Corner
  Data Path Delay:        0.371ns  (logic 0.186ns (50.171%)  route 0.185ns (49.829%))
  Logic Levels:           2  (FDCE=1 LUT1=1)

    Location             Delay type                Incr(ns)  Path(ns)    Netlist Resource(s)
  -------------------------------------------------------------------    -------------------
    SLICE_X0Y1           FDCE                         0.000     0.000 r  dout_reg[0]/C
    SLICE_X0Y1           FDCE (Prop_fdce_C_Q)         0.141     0.141 f  dout_reg[0]/Q
                         net (fo=3, routed)           0.185     0.326    dout_OBUF[0]
    SLICE_X0Y1           LUT1 (Prop_lut1_I0_O)        0.045     0.371 r  dout[0]_i_1/O
                         net (fo=1, routed)           0.000     0.371    p_0_in[0]
    SLICE_X0Y1           FDCE                                         r  dout_reg[0]/D
  -------------------------------------------------------------------    -------------------

Slack:                    inf
  Source:                 reset
                            (input port)
  Destination:            dout_reg[0]/CLR
  Path Group:             (none)
  Path Type:              Min at Fast Process Corner
  Data Path Delay:        0.567ns  (logic 0.163ns (28.802%)  route 0.404ns (71.198%))
  Logic Levels:           1  (IBUF=1)

    Location             Delay type                Incr(ns)  Path(ns)    Netlist Resource(s)
  -------------------------------------------------------------------    -------------------
    V13                                               0.000     0.000 f  reset (IN)
                         net (fo=0)                   0.000     0.000    reset
    V13                  IBUF (Prop_ibuf_I_O)         0.163     0.163 f  reset_IBUF_inst/O
                         net (fo=2, routed)           0.404     0.567    reset_IBUF
    SLICE_X0Y1           FDCE                                         f  dout_reg[0]/CLR
  -------------------------------------------------------------------    -------------------

Slack:                    inf
  Source:                 reset
                            (input port)
  Destination:            dout_reg[1]/CLR
  Path Group:             (none)
  Path Type:              Min at Fast Process Corner
  Data Path Delay:        0.567ns  (logic 0.163ns (28.802%)  route 0.404ns (71.198%))
  Logic Levels:           1  (IBUF=1)

    Location             Delay type                Incr(ns)  Path(ns)    Netlist Resource(s)
  -------------------------------------------------------------------    -------------------
    V13                                               0.000     0.000 f  reset (IN)
                         net (fo=0)                   0.000     0.000    reset
    V13                  IBUF (Prop_ibuf_I_O)         0.163     0.163 f  reset_IBUF_inst/O
                         net (fo=2, routed)           0.404     0.567    reset_IBUF
    SLICE_X0Y1           FDCE                                         f  dout_reg[1]/CLR
  -------------------------------------------------------------------    -------------------

Slack:                    inf
  Source:                 dout_reg[0]/C
                            (rising edge-triggered cell FDCE)
  Destination:            dout[0]
                            (output port)
  Path Group:             (none)
  Path Type:              Min at Fast Process Corner
  Data Path Delay:        1.608ns  (logic 1.257ns (78.172%)  route 0.351ns (21.828%))
  Logic Levels:           2  (FDCE=1 OBUF=1)

    Location             Delay type                Incr(ns)  Path(ns)    Netlist Resource(s)
  -------------------------------------------------------------------    -------------------
    SLICE_X0Y1           FDCE                         0.000     0.000 r  dout_reg[0]/C
    SLICE_X0Y1           FDCE (Prop_fdce_C_Q)         0.141     0.141 r  dout_reg[0]/Q
                         net (fo=3, routed)           0.351     0.492    dout_OBUF[0]
    U14                  OBUF (Prop_obuf_I_O)         1.116     1.608 r  dout_OBUF[0]_inst/O
                         net (fo=0)                   0.000     1.608    dout[0]
    U14                                                               r  dout[0] (OUT)
  -------------------------------------------------------------------    -------------------

Slack:                    inf
  Source:                 dout_reg[1]/C
                            (rising edge-triggered cell FDCE)
  Destination:            dout[1]
                            (output port)
  Path Group:             (none)
  Path Type:              Min at Fast Process Corner
  Data Path Delay:        1.643ns  (logic 1.293ns (78.692%)  route 0.350ns (21.308%))
  Logic Levels:           2  (FDCE=1 OBUF=1)

    Location             Delay type                Incr(ns)  Path(ns)    Netlist Resource(s)
  -------------------------------------------------------------------    -------------------
    SLICE_X0Y1           FDCE                         0.000     0.000 r  dout_reg[1]/C
    SLICE_X0Y1           FDCE (Prop_fdce_C_Q)         0.128     0.128 r  dout_reg[1]/Q
                         net (fo=2, routed)           0.350     0.478    dout_OBUF[1]
    V14                  OBUF (Prop_obuf_I_O)         1.165     1.643 r  dout_OBUF[1]_inst/O
                         net (fo=0)                   0.000     1.643    dout[1]
    V14                                                               r  dout[1] (OUT)
  -------------------------------------------------------------------    -------------------





